This is pdfTeX, Version 3.14159265-2.6-1.40.15 (TeX Live 2014) (preloaded format=pdflatex 2014.10.10)  21 MAR 2015 11:58
entering extended mode
 restricted \write18 enabled.
 %&-line parsing enabled.
**template.tex
(./template.tex
LaTeX2e <2014/05/01>
Babel <3.9l> and hyphenation patterns for 79 languages loaded.
(/usr/local/texlive/2014/texmf-dist/tex/latex/ctex/ctexart.cls
Document Class: ctexart 2014/06/09 v1.02d ctexart document class
(/usr/local/texlive/2014/texmf-dist/tex/latex/ctex/opt/ctex-common-opts.def)
(/usr/local/texlive/2014/texmf-dist/tex/latex/ctex/opt/ctex-caption-opts.def
\c@CTEX@sectiondepth=\count79
)
(/usr/local/texlive/2014/texmf-dist/tex/latex/ctex/opt/ctex-class-opts.def)
(/usr/local/texlive/2014/texmf-dist/tex/latex/ctex/def/ctex-loadclass.def
(/usr/local/texlive/2014/texmf-dist/tex/latex/base/article.cls
Document Class: article 2007/10/19 v1.4h Standard LaTeX document class
(/usr/local/texlive/2014/texmf-dist/tex/latex/base/size10.clo
File: size10.clo 2007/10/19 v1.4h Standard LaTeX file (size option)
)
\c@part=\count80
\c@section=\count81
\c@subsection=\count82
\c@subsubsection=\count83
\c@paragraph=\count84
\c@subparagraph=\count85
\c@figure=\count86
\c@table=\count87
\abovecaptionskip=\skip41
\belowcaptionskip=\skip42
\bibindent=\dimen102
))
(/usr/local/texlive/2014/texmf-dist/tex/latex/ctex/def/ctex-common.def
(/usr/local/texlive/2014/texmf-dist/tex/latex/l3kernel/expl3.sty
Package: expl3 2014/09/15 v5423 L3 programming layer (loader) 

(/usr/local/texlive/2014/texmf-dist/tex/latex/l3kernel/expl3-code.tex
Package: expl3 2014/09/15 v5423 L3 programming layer (code) 
L3 Module: l3bootstrap 2014/08/23 v5354 L3 Bootstrap code

(/usr/local/texlive/2014/texmf-dist/tex/latex/etex-pkg/etex.sty
Package: etex 1998/03/26 v2.0 eTeX basic definition package (PEB)
\et@xins=\count88
)
L3 Module: l3names 2014/08/22 v5343 L3 Namespace for primitives
L3 Module: l3basics 2014/08/24 v5364 L3 Basic definitions
L3 Module: l3expan 2014/08/22 v5349 L3 Argument expansion
L3 Module: l3tl 2014/08/24 v5359 L3 Token lists
L3 Module: l3str 2014/08/24 v5368 L3 Strings
L3 Module: l3seq 2014/08/23 v5354 L3 Sequences and stacks
L3 Module: l3int 2014/09/14 v5421 L3 Integers
\c_max_int=\count89
\l_tmpa_int=\count90
\l_tmpb_int=\count91
\g_tmpa_int=\count92
\g_tmpb_int=\count93
L3 Module: l3quark 2014/08/23 v5354 L3 Quarks
L3 Module: l3prg 2014/08/23 v5354 L3 Control structures
\g__prg_map_int=\count94
L3 Module: l3clist 2014/08/23 v5354 L3 Comma separated lists
L3 Module: l3token 2014/09/15 v5422 L3 Experimental token manipulation
L3 Module: l3prop 2014/08/23 v5354 L3 Property lists
L3 Module: l3msg 2014/08/24 v5358 L3 Messages
L3 Module: l3file 2014/08/24 v5369 L3 File and I/O operations
\l_iow_line_count_int=\count95
\l__iow_target_count_int=\count96
\l__iow_current_line_int=\count97
\l__iow_current_word_int=\count98
\l__iow_current_indentation_int=\count99
L3 Module: l3skip 2014/08/23 v5354 L3 Dimensions and skips
\c_zero_dim=\dimen103
\c_max_dim=\dimen104
\l_tmpa_dim=\dimen105
\l_tmpb_dim=\dimen106
\g_tmpa_dim=\dimen107
\g_tmpb_dim=\dimen108
\c_zero_skip=\skip43
\c_max_skip=\skip44
\l_tmpa_skip=\skip45
\l_tmpb_skip=\skip46
\g_tmpa_skip=\skip47
\g_tmpb_skip=\skip48
\c_zero_muskip=\muskip10
\c_max_muskip=\muskip11
\l_tmpa_muskip=\muskip12
\l_tmpb_muskip=\muskip13
\g_tmpa_muskip=\muskip14
\g_tmpb_muskip=\muskip15
L3 Module: l3keys 2014/08/23 v5354 L3 Key-value interfaces
\g__keyval_level_int=\count100
\l_keys_choice_int=\count101
L3 Module: l3fp 2014/08/22 v5336 L3 Floating points
\c__fp_leading_shift_int=\count102
\c__fp_middle_shift_int=\count103
\c__fp_trailing_shift_int=\count104
\c__fp_big_leading_shift_int=\count105
\c__fp_big_middle_shift_int=\count106
\c__fp_big_trailing_shift_int=\count107
\c__fp_Bigg_leading_shift_int=\count108
\c__fp_Bigg_middle_shift_int=\count109
\c__fp_Bigg_trailing_shift_int=\count110
L3 Module: l3box 2014/08/23 v5354 L3 Experimental boxes
\c_empty_box=\box26
\l_tmpa_box=\box27
\l_tmpb_box=\box28
\g_tmpa_box=\box29
\g_tmpb_box=\box30
L3 Module: l3coffins 2014/08/23 v5354 L3 Coffin code layer
\l__coffin_internal_box=\box31
\l__coffin_internal_dim=\dimen109
\l__coffin_offset_x_dim=\dimen110
\l__coffin_offset_y_dim=\dimen111
\l__coffin_x_dim=\dimen112
\l__coffin_y_dim=\dimen113
\l__coffin_x_prime_dim=\dimen114
\l__coffin_y_prime_dim=\dimen115
\c_empty_coffin=\box32
\l__coffin_aligned_coffin=\box33
\l__coffin_aligned_internal_coffin=\box34
\l_tmpa_coffin=\box35
\l_tmpb_coffin=\box36
\l__coffin_display_coffin=\box37
\l__coffin_display_coord_coffin=\box38
\l__coffin_display_pole_coffin=\box39
\l__coffin_display_offset_dim=\dimen116
\l__coffin_display_x_dim=\dimen117
\l__coffin_display_y_dim=\dimen118
L3 Module: l3color 2014/08/23 v5354 L3 Experimental color support
L3 Module: l3candidates 2014/08/24 v5366 L3 Experimental additions to l3kernel
\l__box_top_dim=\dimen119
\l__box_bottom_dim=\dimen120
\l__box_left_dim=\dimen121
\l__box_right_dim=\dimen122
\l__box_top_new_dim=\dimen123
\l__box_bottom_new_dim=\dimen124
\l__box_left_new_dim=\dimen125
\l__box_right_new_dim=\dimen126
\l__box_internal_box=\box40
\l__coffin_bounding_shift_dim=\dimen127
\l__coffin_left_corner_dim=\dimen128
\l__coffin_right_corner_dim=\dimen129
\l__coffin_bottom_corner_dim=\dimen130
\l__coffin_top_corner_dim=\dimen131
\l__coffin_scaled_total_height_dim=\dimen132
\l__coffin_scaled_width_dim=\dimen133
)
(/usr/local/texlive/2014/texmf-dist/tex/latex/l3kernel/l3unicode-data.def
File: l3unicode-data.def 2014/08/12 v5276 L3 Unicode data
)
(/usr/local/texlive/2014/texmf-dist/tex/latex/l3kernel/l3pdfmode.def
File: l3pdfmode.def 2014/08/24 v5366 L3 Experimental driver: PDF mode
\l__driver_color_stack_int=\count111
))
(/usr/local/texlive/2014/texmf-dist/tex/latex/etoolbox/etoolbox.sty
Package: etoolbox 2011/01/03 v2.1 e-TeX tools for LaTeX
\etb@tempcnta=\count112
)
(/usr/local/texlive/2014/texmf-dist/tex/generic/oberdiek/ifpdf.sty
Package: ifpdf 2011/01/30 v2.3 Provides the ifpdf switch (HO)
Package ifpdf Info: pdfTeX in PDF mode is detected.
)
(/usr/local/texlive/2014/texmf-dist/tex/generic/ifxetex/ifxetex.sty
Package: ifxetex 2010/09/12 v0.6 Provides ifxetex conditional
)
(/usr/local/texlive/2014/texmf-dist/tex/latex/graphics/keyval.sty
Package: keyval 2014/05/08 v1.15 key=value parser (DPC)
\KV@toks@=\toks14
)
(/usr/local/texlive/2014/texmf-dist/tex/latex/tools/indentfirst.sty
Package: indentfirst 1995/11/23 v1.03 Indent first paragraph (DPC)
)
(/usr/local/texlive/2014/texmf-dist/tex/latex/base/fix-cm.sty
Package: fix-cm 2014/08/30 v1.1s fixes to LaTeX

(/usr/local/texlive/2014/texmf-dist/tex/latex/base/ts1enc.def
File: ts1enc.def 2001/06/05 v3.0e (jk/car/fm) Standard LaTeX file
))
(/usr/local/texlive/2014/texmf-dist/tex/latex/ctex/engine/ctex-cjk-engine.def
(/usr/local/texlive/2014/texmf-dist/tex/latex/cjk/texinput/CJK.sty
Package: CJK 2012/05/07 4.8.3

(/usr/local/texlive/2014/texmf-dist/tex/latex/cjk/texinput/mule/MULEenc.sty
Package: MULEenc 2012/05/07 4.8.3
)
(/usr/local/texlive/2014/texmf-dist/tex/latex/cjk/texinput/CJK.enc
File: CJK.enc 2012/05/07 4.8.3
)
LaTeX Info: Redefining \selectfont on input line 755.
\CJK@indent=\box41
)
(/usr/local/texlive/2014/texmf-dist/tex/latex/cjkpunct/CJKpunct.sty
Package: CJKpunct 2009/05/06 4.8.2
\CJKpunct@cnta=\count113
\CJKpunct@cntb=\count114
\CJKpunct@cntc=\count115
\CJKpunct@cntd=\count116
\CJKpunct@cnte=\count117
)
(/usr/local/texlive/2014/texmf-dist/tex/latex/ctex/engine/ctex-cjk-common.def
\ccwd=\dimen134
)
(/usr/local/texlive/2014/texmf-dist/tex/latex/ctex/fontset/ctex-cjk-winfonts.de
f (/usr/local/texlive/2014/texmf-dist/tex/generic/zhmetrics/zhwinfonts.tex
(/usr/local/texlive/2014/texmf-dist/tex/generic/oberdiek/ifpdf.sty
Package ifpdf Info: The package is already loaded, stopped on input line 64.
){/usr/local/texlive/2014/texmf-var/fonts/map/pdftex/updmap/pdftex.map}{UGBK.sf
d}{Unicode.sfd})))
\CTEX@q=\count118
\CTEX@r=\count119
) (/usr/local/texlive/2014/texmf-dist/tex/latex/ctex/def/ctex-caption.def) (/us
r/local/texlive/2014/texmf-dist/tex/latex/ctex/def/ctex-class.def)
(/usr/local/texlive/2014/texmf-dist/tex/latex/ctex/def/ctex-article.def))
(/usr/local/texlive/2014/texmf-dist/tex/latex/ctex/def/ctex-gbk.def)
(/usr/local/texlive/2014/texmf-dist/tex/latex/ctex/cfg/ctexcap.cfg
(/usr/local/texlive/2014/texmf-dist/tex/latex/ctex/cfg/ctexcap-gbk.cfg))
(/usr/local/texlive/2014/texmf-dist/tex/latex/ctex/cfg/ctex.cfg) (./aappss.sty
Package: aappss 2013/1/10 v1, by definition unizhang

(/usr/local/texlive/2014/texmf-dist/tex/latex/graphics/graphicx.sty
Package: graphicx 2014/04/25 v1.0g Enhanced LaTeX Graphics (DPC,SPQR)

(/usr/local/texlive/2014/texmf-dist/tex/latex/graphics/graphics.sty
Package: graphics 2009/02/05 v1.0o Standard LaTeX Graphics (DPC,SPQR)

(/usr/local/texlive/2014/texmf-dist/tex/latex/graphics/trig.sty
Package: trig 1999/03/16 v1.09 sin cos tan (DPC)
)
(/usr/local/texlive/2014/texmf-dist/tex/latex/latexconfig/graphics.cfg
File: graphics.cfg 2010/04/23 v1.9 graphics configuration of TeX Live
)
Package graphics Info: Driver file: pdftex.def on input line 91.

(/usr/local/texlive/2014/texmf-dist/tex/latex/pdftex-def/pdftex.def
File: pdftex.def 2011/05/27 v0.06d Graphics/color for pdfTeX

(/usr/local/texlive/2014/texmf-dist/tex/generic/oberdiek/infwarerr.sty
Package: infwarerr 2010/04/08 v1.3 Providing info/warning/error messages (HO)
)
(/usr/local/texlive/2014/texmf-dist/tex/generic/oberdiek/ltxcmds.sty
Package: ltxcmds 2011/11/09 v1.22 LaTeX kernel commands for general use (HO)
)
\Gread@gobject=\count120
))
\Gin@req@height=\dimen135
\Gin@req@width=\dimen136
)
(/usr/local/texlive/2014/texmf-dist/tex/latex/tools/multicol.sty
Package: multicol 2014/08/24 v1.8g multicolumn formatting (FMi)
\c@tracingmulticols=\count121
\mult@box=\box42
\multicol@leftmargin=\dimen137
\c@unbalance=\count122
\c@collectmore=\count123
\doublecol@number=\count124
\multicoltolerance=\count125
\multicolpretolerance=\count126
\full@width=\dimen138
\page@free=\dimen139
\premulticols=\dimen140
\postmulticols=\dimen141
\multicolsep=\skip49
\multicolbaselineskip=\skip50
\partial@page=\box43
\last@line=\box44
\maxbalancingoverflow=\dimen142
\mult@rightbox=\box45
\mult@grightbox=\box46
\mult@gfirstbox=\box47
\mult@firstbox=\box48
\@tempa=\box49
\@tempa=\box50
\@tempa=\box51
\@tempa=\box52
\@tempa=\box53
\@tempa=\box54
\@tempa=\box55
\@tempa=\box56
\@tempa=\box57
\@tempa=\box58
\@tempa=\box59
\@tempa=\box60
\@tempa=\box61
\@tempa=\box62
\@tempa=\box63
\@tempa=\box64
\@tempa=\box65
\c@columnbadness=\count127
\c@finalcolumnbadness=\count128
\last@try=\dimen143
\multicolovershoot=\dimen144
\multicolundershoot=\dimen145
\mult@nat@firstbox=\box66
\colbreak@box=\box67
\mc@col@check@num=\count129
)
(/usr/local/texlive/2014/texmf-dist/tex/latex/base/ifthen.sty
Package: ifthen 2001/05/26 v1.1c Standard LaTeX ifthen package (DPC)
)
(/usr/local/texlive/2014/texmf-dist/tex/latex/booktabs/booktabs.sty
Package: booktabs 2005/04/14 v1.61803 publication quality tables
\heavyrulewidth=\dimen146
\lightrulewidth=\dimen147
\cmidrulewidth=\dimen148
\belowrulesep=\dimen149
\belowbottomsep=\dimen150
\aboverulesep=\dimen151
\abovetopsep=\dimen152
\cmidrulesep=\dimen153
\cmidrulekern=\dimen154
\defaultaddspace=\dimen155
\@cmidla=\count130
\@cmidlb=\count131
\@aboverulesep=\dimen156
\@belowrulesep=\dimen157
\@thisruleclass=\count132
\@lastruleclass=\count133
\@thisrulewidth=\dimen158
)
(/usr/local/texlive/2014/texmf-dist/tex/latex/amsmath/amsmath.sty
Package: amsmath 2013/01/14 v2.14 AMS math features
\@mathmargin=\skip51

For additional information on amsmath, use the `?' option.
(/usr/local/texlive/2014/texmf-dist/tex/latex/amsmath/amstext.sty
Package: amstext 2000/06/29 v2.01

(/usr/local/texlive/2014/texmf-dist/tex/latex/amsmath/amsgen.sty
File: amsgen.sty 1999/11/30 v2.0
\@emptytoks=\toks15
\ex@=\dimen159
))
(/usr/local/texlive/2014/texmf-dist/tex/latex/amsmath/amsbsy.sty
Package: amsbsy 1999/11/29 v1.2d
\pmbraise@=\dimen160
)
(/usr/local/texlive/2014/texmf-dist/tex/latex/amsmath/amsopn.sty
Package: amsopn 1999/12/14 v2.01 operator names
)
\inf@bad=\count134
LaTeX Info: Redefining \frac on input line 210.
\uproot@=\count135
\leftroot@=\count136
LaTeX Info: Redefining \overline on input line 306.
\classnum@=\count137
\DOTSCASE@=\count138
LaTeX Info: Redefining \ldots on input line 378.
LaTeX Info: Redefining \dots on input line 381.
LaTeX Info: Redefining \cdots on input line 466.
\Mathstrutbox@=\box68
\strutbox@=\box69
\big@size=\dimen161
LaTeX Font Info:    Redeclaring font encoding OML on input line 566.
LaTeX Font Info:    Redeclaring font encoding OMS on input line 567.
\macc@depth=\count139
\c@MaxMatrixCols=\count140
\dotsspace@=\muskip16
\c@parentequation=\count141
\dspbrk@lvl=\count142
\tag@help=\toks16
\row@=\count143
\column@=\count144
\maxfields@=\count145
\andhelp@=\toks17
\eqnshift@=\dimen162
\alignsep@=\dimen163
\tagshift@=\dimen164
\tagwidth@=\dimen165
\totwidth@=\dimen166
\lineht@=\dimen167
\@envbody=\toks18
\multlinegap=\skip52
\multlinetaggap=\skip53
\mathdisplay@stack=\toks19
LaTeX Info: Redefining \[ on input line 2665.
LaTeX Info: Redefining \] on input line 2666.
)
(/usr/local/texlive/2014/texmf-dist/tex/latex/amsfonts/amsfonts.sty
Package: amsfonts 2013/01/14 v3.01 Basic AMSFonts support
\symAMSa=\mathgroup4
\symAMSb=\mathgroup5
LaTeX Font Info:    Overwriting math alphabet `\mathfrak' in version `bold'
(Font)                  U/euf/m/n --> U/euf/b/n on input line 106.
)
(/usr/local/texlive/2014/texmf-dist/tex/latex/tools/bm.sty
Package: bm 2004/02/26 v1.1c Bold Symbol Support (DPC/FMi)
\symboldoperators=\mathgroup6
\symboldletters=\mathgroup7
\symboldsymbols=\mathgroup8
LaTeX Font Info:    Redeclaring math alphabet \mathbf on input line 137.
LaTeX Info: Redefining \bm on input line 203.
)
(/usr/local/texlive/2014/texmf-dist/tex/latex/jknapltx/mathrsfs.sty
Package: mathrsfs 1996/01/01 Math RSFS package v1.0 (jk)
\symrsfs=\mathgroup9
)
(/usr/local/texlive/2014/texmf-dist/tex/latex/amsfonts/amssymb.sty
Package: amssymb 2013/01/14 v3.01 AMS font symbols
)
(/usr/local/texlive/2014/texmf-dist/tex/latex/psnfss/times.sty
Package: times 2005/04/12 PSNFSS-v9.2a (SPQR) 
)
(/usr/local/texlive/2014/texmf-dist/tex/latex/psnfss/mathptmx.sty
Package: mathptmx 2005/04/12 PSNFSS-v9.2a Times w/ Math, improved (SPQR, WaS) 
LaTeX Font Info:    Redeclaring symbol font `operators' on input line 28.
LaTeX Font Info:    Overwriting symbol font `operators' in version `normal'
(Font)                  OT1/cmr/m/n --> OT1/ztmcm/m/n on input line 28.
LaTeX Font Info:    Overwriting symbol font `operators' in version `bold'
(Font)                  OT1/cmr/bx/n --> OT1/ztmcm/m/n on input line 28.
LaTeX Font Info:    Redeclaring symbol font `letters' on input line 29.
LaTeX Font Info:    Overwriting symbol font `letters' in version `normal'
(Font)                  OML/cmm/m/it --> OML/ztmcm/m/it on input line 29.
LaTeX Font Info:    Overwriting symbol font `letters' in version `bold'
(Font)                  OML/cmm/b/it --> OML/ztmcm/m/it on input line 29.
LaTeX Font Info:    Redeclaring symbol font `symbols' on input line 30.
LaTeX Font Info:    Overwriting symbol font `symbols' in version `normal'
(Font)                  OMS/cmsy/m/n --> OMS/ztmcm/m/n on input line 30.
LaTeX Font Info:    Overwriting symbol font `symbols' in version `bold'
(Font)                  OMS/cmsy/b/n --> OMS/ztmcm/m/n on input line 30.
LaTeX Font Info:    Redeclaring symbol font `largesymbols' on input line 31.
LaTeX Font Info:    Overwriting symbol font `largesymbols' in version `normal'
(Font)                  OMX/cmex/m/n --> OMX/ztmcm/m/n on input line 31.
LaTeX Font Info:    Overwriting symbol font `largesymbols' in version `bold'
(Font)                  OMX/cmex/m/n --> OMX/ztmcm/m/n on input line 31.
\symbold=\mathgroup10
\symitalic=\mathgroup11
LaTeX Font Info:    Redeclaring math alphabet \mathbf on input line 34.
LaTeX Font Info:    Redeclaring math alphabet \mathit on input line 35.
LaTeX Font Info:    Overwriting math alphabet `\mathit' in version `normal'
(Font)                  OT1/cmr/m/it --> OT1/ptm/m/it on input line 35.
LaTeX Font Info:    Overwriting math alphabet `\mathit' in version `bold'
(Font)                  OT1/cmr/bx/it --> OT1/ptm/m/it on input line 35.
LaTeX Info: Redefining \hbar on input line 50.
)
(/usr/local/texlive/2014/texmf-dist/tex/latex/fancyhdr/fancyhdr.sty
\fancy@headwidth=\skip54
\f@ncyO@elh=\skip55
\f@ncyO@erh=\skip56
\f@ncyO@olh=\skip57
\f@ncyO@orh=\skip58
\f@ncyO@elf=\skip59
\f@ncyO@erf=\skip60
\f@ncyO@olf=\skip61
\f@ncyO@orf=\skip62
)
(/usr/local/texlive/2014/texmf-dist/tex/latex/type1cm/type1cm.sty
Package: type1cm 2002/09/05 v0.04 BlueSky/Y&Y Type1 CM font definitions (DPC, p
atched RF)
))

LaTeX Warning: Unused global option(s):
    [A4].

(./template.aux)
\openout1 = `template.aux'.

LaTeX Font Info:    Checking defaults for OML/cmm/m/it on input line 13.
LaTeX Font Info:    ... okay on input line 13.
LaTeX Font Info:    Checking defaults for T1/cmr/m/n on input line 13.
LaTeX Font Info:    ... okay on input line 13.
LaTeX Font Info:    Checking defaults for OT1/cmr/m/n on input line 13.
LaTeX Font Info:    ... okay on input line 13.
LaTeX Font Info:    Checking defaults for OMS/cmsy/m/n on input line 13.
LaTeX Font Info:    ... okay on input line 13.
LaTeX Font Info:    Checking defaults for OMX/cmex/m/n on input line 13.
LaTeX Font Info:    ... okay on input line 13.
LaTeX Font Info:    Checking defaults for U/cmr/m/n on input line 13.
LaTeX Font Info:    ... okay on input line 13.
LaTeX Font Info:    Checking defaults for TS1/cmr/m/n on input line 13.
LaTeX Font Info:    ... okay on input line 13.
LaTeX Font Info:    Checking defaults for C00/song/m/n on input line 13.
LaTeX Font Info:    ... okay on input line 13.
LaTeX Font Info:    Checking defaults for C05/song/m/n on input line 13.
LaTeX Font Info:    ... okay on input line 13.
LaTeX Font Info:    Checking defaults for C09/song/m/n on input line 13.
LaTeX Font Info:    ... okay on input line 13.
LaTeX Font Info:    Checking defaults for C10/song/m/n on input line 13.
LaTeX Font Info:    ... okay on input line 13.
LaTeX Font Info:    Checking defaults for C20/song/m/n on input line 13.
LaTeX Font Info:    ... okay on input line 13.
LaTeX Font Info:    Checking defaults for C19/song/m/n on input line 13.
LaTeX Font Info:    ... okay on input line 13.
LaTeX Font Info:    Checking defaults for C40/song/m/n on input line 13.
LaTeX Font Info:    ... okay on input line 13.
LaTeX Font Info:    Checking defaults for C42/song/m/n on input line 13.
LaTeX Font Info:    ... okay on input line 13.
LaTeX Font Info:    Checking defaults for C43/song/m/n on input line 13.
LaTeX Font Info:    ... okay on input line 13.
LaTeX Font Info:    Checking defaults for C50/song/m/n on input line 13.
LaTeX Font Info:    ... okay on input line 13.
LaTeX Font Info:    Checking defaults for C52/song/m/n on input line 13.
LaTeX Font Info:    ... okay on input line 13.
LaTeX Font Info:    Checking defaults for C49/song/m/n on input line 13.
LaTeX Font Info:    ... okay on input line 13.
LaTeX Font Info:    Checking defaults for C60/mj/m/n on input line 13.
LaTeX Font Info:    ... okay on input line 13.
LaTeX Font Info:    Checking defaults for C61/mj/m/n on input line 13.
LaTeX Font Info:    ... okay on input line 13.
LaTeX Font Info:    Checking defaults for C63/mj/m/n on input line 13.
LaTeX Font Info:    ... okay on input line 13.
LaTeX Font Info:    Checking defaults for C64/mj/m/n on input line 13.
LaTeX Font Info:    ... okay on input line 13.
LaTeX Font Info:    Checking defaults for C65/mj/m/n on input line 13.
LaTeX Font Info:    ... okay on input line 13.
LaTeX Font Info:    Checking defaults for C70/song/m/n on input line 13.
LaTeX Font Info:    ... okay on input line 13.
LaTeX Font Info:    Checking defaults for C31/song/m/n on input line 13.
LaTeX Font Info:    ... okay on input line 13.
LaTeX Font Info:    Checking defaults for C32/song/m/n on input line 13.
LaTeX Font Info:    ... okay on input line 13.
LaTeX Font Info:    Checking defaults for C33/song/m/n on input line 13.
LaTeX Font Info:    ... okay on input line 13.
LaTeX Font Info:    Checking defaults for C34/song/m/n on input line 13.
LaTeX Font Info:    ... okay on input line 13.
LaTeX Font Info:    Checking defaults for C35/song/m/n on input line 13.
LaTeX Font Info:    ... okay on input line 13.
LaTeX Font Info:    Checking defaults for C36/song/m/n on input line 13.
LaTeX Font Info:    ... okay on input line 13.
LaTeX Font Info:    Checking defaults for C37/song/m/n on input line 13.
LaTeX Font Info:    ... okay on input line 13.
LaTeX Font Info:    Checking defaults for C80/song/m/n on input line 13.
LaTeX Font Info:    ... okay on input line 13.
LaTeX Font Info:    Checking defaults for C81/song/m/n on input line 13.
LaTeX Font Info:    ... okay on input line 13.
LaTeX Font Info:    Checking defaults for C01/song/m/n on input line 13.
LaTeX Font Info:    ... okay on input line 13.
LaTeX Font Info:    Checking defaults for C11/song/m/n on input line 13.
LaTeX Font Info:    ... okay on input line 13.
LaTeX Font Info:    Checking defaults for C21/song/m/n on input line 13.
LaTeX Font Info:    ... okay on input line 13.
LaTeX Font Info:    Checking defaults for C41/song/m/n on input line 13.
LaTeX Font Info:    ... okay on input line 13.
LaTeX Font Info:    Checking defaults for C62/song/m/n on input line 13.
LaTeX Font Info:    ... okay on input line 13.
LaTeX Font Info:    Try loading font information for OT1+ptm on input line 13.
 (/usr/local/texlive/2014/texmf-dist/tex/latex/psnfss/ot1ptm.fd
File: ot1ptm.fd 2001/06/04 font definitions for OT1/ptm.
) (/usr/local/texlive/2014/texmf-dist/tex/context/base/supp-pdf.mkii
[Loading MPS to PDF converter (version 2006.09.02).]
\scratchcounter=\count146
\scratchdimen=\dimen168
\scratchbox=\box70
\nofMPsegments=\count147
\nofMParguments=\count148
\everyMPshowfont=\toks20
\MPscratchCnt=\count149
\MPscratchDim=\dimen169
\MPnumerator=\count150
\makeMPintoPDFobject=\count151
\everyMPtoPDFconversion=\toks21
) (/usr/local/texlive/2014/texmf-dist/tex/generic/oberdiek/pdftexcmds.sty
Package: pdftexcmds 2011/11/29 v0.20 Utility functions of pdfTeX for LuaTeX (HO
)

(/usr/local/texlive/2014/texmf-dist/tex/generic/oberdiek/ifluatex.sty
Package: ifluatex 2010/03/01 v1.3 Provides the ifluatex switch (HO)
Package ifluatex Info: LuaTeX not detected.
)
Package pdftexcmds Info: LuaTeX not detected.
Package pdftexcmds Info: \pdf@primitive is available.
Package pdftexcmds Info: \pdf@ifprimitive is available.
Package pdftexcmds Info: \pdfdraftmode found.
)
(/usr/local/texlive/2014/texmf-dist/tex/latex/oberdiek/epstopdf-base.sty
Package: epstopdf-base 2010/02/09 v2.5 Base part for package epstopdf

(/usr/local/texlive/2014/texmf-dist/tex/latex/oberdiek/grfext.sty
Package: grfext 2010/08/19 v1.1 Manage graphics extensions (HO)

(/usr/local/texlive/2014/texmf-dist/tex/generic/oberdiek/kvdefinekeys.sty
Package: kvdefinekeys 2011/04/07 v1.3 Define keys (HO)
))
(/usr/local/texlive/2014/texmf-dist/tex/latex/oberdiek/kvoptions.sty
Package: kvoptions 2011/06/30 v3.11 Key value format for package options (HO)

(/usr/local/texlive/2014/texmf-dist/tex/generic/oberdiek/kvsetkeys.sty
Package: kvsetkeys 2012/04/25 v1.16 Key value parser (HO)

(/usr/local/texlive/2014/texmf-dist/tex/generic/oberdiek/etexcmds.sty
Package: etexcmds 2011/02/16 v1.5 Avoid name clashes with e-TeX commands (HO)
Package etexcmds Info: Could not find \expanded.
(etexcmds)             That can mean that you are not using pdfTeX 1.50 or
(etexcmds)             that some package has redefined \expanded.
(etexcmds)             In the latter case, load this package earlier.
)))
Package grfext Info: Graphics extension search list:
(grfext)             [.png,.pdf,.jpg,.mps,.jpeg,.jbig2,.jb2,.PNG,.PDF,.JPG,.JPE
G,.JBIG2,.JB2,.eps]
(grfext)             \AppendGraphicsExtensions on input line 452.

(/usr/local/texlive/2014/texmf-dist/tex/latex/latexconfig/epstopdf-sys.cfg
File: epstopdf-sys.cfg 2010/07/13 v1.3 Configuration of (r)epstopdf for TeX Liv
e
))
(/usr/local/texlive/2014/texmf-dist/tex/latex/cjk/texinput/standard.bdg
File: standard.bdg 2012/05/07 4.8.3
)
(/usr/local/texlive/2014/texmf-dist/tex/latex/cjk/texinput/extended.enc
File: extended.enc 2012/05/07 4.8.3
)
(/usr/local/texlive/2014/texmf-dist/tex/latex/cjk/texinput/extended.chr
File: extended.chr 2012/05/07 4.8.3
)
LaTeX Font Info:    Try loading font information for C19+zhhei on input line 15
.

(/usr/local/texlive/2014/texmf-dist/tex/latex/zhmetrics/c19zhhei.fd
File: c19zhhei.fd 2009/09/23 4.8.2
)
LaTeX Font Info:    Try loading font information for C19+rm on input line 17.

(/usr/local/texlive/2014/texmf-dist/tex/latex/ctex/fd/c19rm.fd
File: c19rm.fd 2007/05/06 v0.8a ctex font definition file
)
LaTeX Font Info:    Try loading font information for OT1+ztmcm on input line 17
.

(/usr/local/texlive/2014/texmf-dist/tex/latex/psnfss/ot1ztmcm.fd
File: ot1ztmcm.fd 2000/01/03 Fontinst v1.801 font definitions for OT1/ztmcm.
)
LaTeX Font Info:    Try loading font information for OML+ztmcm on input line 17
.

(/usr/local/texlive/2014/texmf-dist/tex/latex/psnfss/omlztmcm.fd
File: omlztmcm.fd 2000/01/03 Fontinst v1.801 font definitions for OML/ztmcm.
)
LaTeX Font Info:    Try loading font information for OMS+ztmcm on input line 17
.

(/usr/local/texlive/2014/texmf-dist/tex/latex/psnfss/omsztmcm.fd
File: omsztmcm.fd 2000/01/03 Fontinst v1.801 font definitions for OMS/ztmcm.
)
LaTeX Font Info:    Try loading font information for OMX+ztmcm on input line 17
.

(/usr/local/texlive/2014/texmf-dist/tex/latex/psnfss/omxztmcm.fd
File: omxztmcm.fd 2000/01/03 Fontinst v1.801 font definitions for OMX/ztmcm.
)
LaTeX Font Info:    Try loading font information for U+rsfs on input line 17.

(/usr/local/texlive/2014/texmf-dist/tex/latex/jknapltx/ursfs.fd
File: ursfs.fd 1998/03/24 rsfs font definition file (jk)
)

LaTeX Font Warning: Font shape `U/rsfs/m/n' in size <15.06> not available
(Font)              size <14.4> substituted on input line 17.

LaTeX Font Info:    Font shape `OT1/ptm/bx/n' in size <15.06> not available
(Font)              Font shape `OT1/ptm/b/n' tried instead on input line 17.
LaTeX Font Info:    Font shape `OT1/ptm/bx/n' in size <12.05> not available
(Font)              Font shape `OT1/ptm/b/n' tried instead on input line 17.
LaTeX Font Info:    Font shape `OT1/ptm/bx/n' in size <9.03> not available
(Font)              Font shape `OT1/ptm/b/n' tried instead on input line 17.
Package CJKpunct Info: punctuation spaces for family 'zhsong' do not exist. Use
 family 'def' instead. on input line 25.
LaTeX Font Info:    Try loading font information for C19+zhsong on input line 2
5.
(/usr/local/texlive/2014/texmf-dist/tex/latex/zhmetrics/c19zhsong.fd
File: c19zhsong.fd 2009/09/23 4.8.2
)
LaTeX Font Info:    Calculating math sizes for size <10.5> on input line 25.


LaTeX Font Warning: Font shape `U/rsfs/m/n' in size <10.5> not available
(Font)              size <10.95> substituted on input line 25.

LaTeX Font Info:    Font shape `OT1/ptm/bx/n' in size <10.5> not available
(Font)              Font shape `OT1/ptm/b/n' tried instead on input line 25.
LaTeX Font Info:    Font shape `OT1/ptm/bx/n' in size <7.77005> not available
(Font)              Font shape `OT1/ptm/b/n' tried instead on input line 25.
LaTeX Font Info:    Font shape `OT1/ptm/bx/n' in size <6.30006> not available
(Font)              Font shape `OT1/ptm/b/n' tried instead on input line 25.
LaTeX Font Info:    Try loading font information for C19+hei on input line 27.
(/usr/local/texlive/2014/texmf-dist/tex/latex/zhmetrics/c19hei.fd
File: c19hei.fd 2009/09/23 4.8.2
)

LaTeX Font Warning: Font shape `U/rsfs/m/n' in size <7.53> not available
(Font)              size <8> substituted on input line 33.

LaTeX Font Info:    Font shape `OT1/ptm/bx/n' in size <7.53> not available
(Font)              Font shape `OT1/ptm/b/n' tried instead on input line 33.
LaTeX Font Info:    Font shape `OT1/ptm/bx/n' in size <5> not available
(Font)              Font shape `OT1/ptm/b/n' tried instead on input line 33.
LaTeX Font Info:    Font shape `OT1/ptm/bx/n' in size <9> not available
(Font)              Font shape `OT1/ptm/b/n' tried instead on input line 33.
LaTeX Font Info:    Font shape `OT1/ptm/bx/n' in size <7> not available
(Font)              Font shape `OT1/ptm/b/n' tried instead on input line 33.

Overfull \hbox (0.51663pt too wide) in paragraph at lines 35--35
[]$[]$ 
 []

LaTeX Font Info:    Try loading font information for C19+zhfs on input line 43.

(/usr/local/texlive/2014/texmf-dist/tex/latex/zhmetrics/c19zhfs.fd
File: c19zhfs.fd 2009/09/23 4.8.2
)

Package mathptmx Warning: There are no bold math fonts on input line 56.

LaTeX Font Info:    Try loading font information for OT1+pcr on input line 63.
(/usr/local/texlive/2014/texmf-dist/tex/latex/psnfss/ot1pcr.fd
File: ot1pcr.fd 2001/06/04 font definitions for OT1/pcr.
) [1

]
Package epstopdf Info: Source file: <fig1.eps>
(epstopdf)                    date: 2013-01-25 16:08:27
(epstopdf)                    size: 419543 bytes
(epstopdf)             Output file: <fig1-eps-converted-to.pdf>
(epstopdf)                    date: 2015-03-21 11:50:28
(epstopdf)                    size: 63156 bytes
(epstopdf)             Command: <repstopdf --outfile=fig1-eps-converted-to.pdf 
fig1.eps>
(epstopdf)             \includegraphics on input line 73.
Package epstopdf Info: Output file is already uptodate.

<fig1-eps-converted-to.pdf, id=52, 199.74625pt x 126.4725pt>
File: fig1-eps-converted-to.pdf Graphic file (type pdf)

<use fig1-eps-converted-to.pdf>
Package pdftex.def Info: fig1-eps-converted-to.pdf used on input line 73.
(pdftex.def)             Requested size: 199.74576pt x 126.47218pt.
 [2 <./fig1-eps-converted-to.pdf>]
Underfull \hbox (badness 10000) in alignment at lines 121--121
[][][][][][][][][][][][][]
 []

Package epstopdf Info: Source file: <fig2.eps>
(epstopdf)                    date: 2015-02-13 10:43:42
(epstopdf)                    size: 753886 bytes
(epstopdf)             Output file: <fig2-eps-converted-to.pdf>
(epstopdf)                    date: 2015-03-21 11:50:29
(epstopdf)                    size: 226913 bytes
(epstopdf)             Command: <repstopdf --outfile=fig2-eps-converted-to.pdf 
fig2.eps>
(epstopdf)             \includegraphics on input line 131.
Package epstopdf Info: Output file is already uptodate.
<fig2-eps-converted-to.pdf, id=91, 342.27875pt x 240.9pt>
File: fig2-eps-converted-to.pdf Graphic file (type pdf)

<use fig2-eps-converted-to.pdf>
Package pdftex.def Info: fig2-eps-converted-to.pdf used on input line 131.
(pdftex.def)             Requested size: 342.2779pt x 240.8994pt.

Underfull \vbox (badness 10000) has occurred while \output is active []

 [3 <./fig2-eps-converted-to.pdf>] [4]
LaTeX Font Info:    Calculating math sizes for size <21> on input line 201.


LaTeX Font Warning: Font shape `U/rsfs/m/n' in size <15.54012> not available
(Font)              size <14.4> substituted on input line 201.


LaTeX Font Warning: Font shape `U/rsfs/m/n' in size <12.60013> not available
(Font)              size <12> substituted on input line 201.

LaTeX Font Info:    Font shape `OT1/ptm/bx/n' in size <21> not available
(Font)              Font shape `OT1/ptm/b/n' tried instead on input line 201.
LaTeX Font Info:    Font shape `OT1/ptm/bx/n' in size <15.54012> not available
(Font)              Font shape `OT1/ptm/b/n' tried instead on input line 201.
LaTeX Font Info:    Font shape `OT1/ptm/bx/n' in size <12.60013> not available
(Font)              Font shape `OT1/ptm/b/n' tried instead on input line 201.

Overfull \hbox (2.30447pt too wide) in paragraph at lines 203--203
[][] [] 
 []

LaTeX Font Info:    Try loading font information for OMS+ptm on input line 208.

(/usr/local/texlive/2014/texmf-dist/tex/latex/psnfss/omsptm.fd
File: omsptm.fd 
)
LaTeX Font Info:    Font shape `OMS/ptm/m/n' in size <10.5> not available
(Font)              Font shape `OMS/cmsy/m/n' tried instead on input line 208.

Overfull \hbox (1.82141pt too wide) in paragraph at lines 208--208
[]\OMS/cmsy/m/n/10.5 y 
 []


Overfull \hbox (3.31102pt too wide) in paragraph at lines 208--208
[][]| $[]$| 
 []


Underfull \hbox (badness 10000) in paragraph at lines 220--220
[]\OT1/ptm/b/n/15.06 Keywords:
 []


Underfull \hbox (badness 10000) in paragraph at lines 220--220

 []


Overfull \hbox (30.12pt too wide) in paragraph at lines 222--222
[]$[]$ 
 []

[5] (./template.aux)

LaTeX Font Warning: Size substitutions with differences
(Font)              up to 1.14012pt have occurred.

 ) 
Here is how much of TeX's memory you used:
 12126 strings out of 493107
 212317 string characters out of 6134839
 238264 words of memory out of 5000000
 15244 multiletter control sequences out of 15000+600000
 129212 words of font info for 359 fonts, out of 8000000 for 9000
 1141 hyphenation exceptions out of 8191
 39i,11n,45p,10368b,594s stack positions out of 5000i,500n,10000p,200000b,80000s
</home/steven/.fonts/WinFonts/simsun.ttc></home/steven/.fonts/WinFonts/simsun
.ttc></home/steven/.fonts/WinFonts/simfang.ttf></home/steven/.fonts/WinFonts/si
mfang.ttf></home/steven/.fonts/WinFonts/simfang.ttf></home/steven/.fonts/WinFon
ts/simfang.ttf></home/steven/.fonts/WinFonts/simfang.ttf></home/steven/.fonts/W
inFonts/simfang.ttf></home/steven/.fonts/WinFonts/simfang.ttf></home/steven/.fo
nts/WinFonts/simfang.ttf></home/steven/.fonts/WinFonts/simfang.ttf></home/steve
n/.fonts/WinFonts/simfang.ttf></home/steven/.fonts/WinFonts/simhei.ttf></home/s
teven/.fonts/WinFonts/simhei.ttf>{/usr/local/texlive/2014/texmf-dist/fonts/enc/
dvips/base/8r.enc}</home/steven/.fonts/WinFonts/simhei.ttf></home/steven/.fonts
/WinFonts/simhei.ttf></home/steven/.fonts/WinFonts/simhei.ttf></home/steven/.fo
nts/WinFonts/simhei.ttf></home/steven/.fonts/WinFonts/simfang.ttf></home/steven
/.fonts/WinFonts/simfang.ttf></home/steven/.fonts/WinFonts/simfang.ttf></home/s
teven/.fonts/WinFonts/simfang.ttf></home/steven/.fonts/WinFonts/simsun.ttc></ho
me/steven/.fonts/WinFonts/simfang.ttf></home/steven/.fonts/WinFonts/simfang.ttf
></home/steven/.fonts/WinFonts/simsun.ttc></home/steven/.fonts/WinFonts/simhei.
ttf></home/steven/.fonts/WinFonts/simhei.ttf></home/steven/.fonts/WinFonts/simh
ei.ttf></home/steven/.fonts/WinFonts/simsun.ttc></home/steven/.fonts/WinFonts/s
imsun.ttc></home/steven/.fonts/WinFonts/simsun.ttc></home/steven/.fonts/WinFont
s/simsun.ttc></home/steven/.fonts/WinFonts/simsun.ttc></home/steven/.fonts/WinF
onts/simsun.ttc></home/steven/.fonts/WinFonts/simsun.ttc></home/steven/.fonts/W
inFonts/simsun.ttc></home/steven/.fonts/WinFonts/simsun.ttc></home/steven/.font
s/WinFonts/simsun.ttc></home/steven/.fonts/WinFonts/simsun.ttc></home/steven/.f
onts/WinFonts/simsun.ttc></home/steven/.fonts/WinFonts/simsun.ttc></home/steven
/.fonts/WinFonts/simsun.ttc></home/steven/.fonts/WinFonts/simsun.ttc></home/ste
ven/.fonts/WinFonts/simsun.ttc></home/steven/.fonts/WinFonts/simsun.ttc></home/
steven/.fonts/WinFonts/simsun.ttc></home/steven/.fonts/WinFonts/simsun.ttc></ho
me/steven/.fonts/WinFonts/simsun.ttc></home/steven/.fonts/WinFonts/simsun.ttc><
/home/steven/.fonts/WinFonts/simsun.ttc></home/steven/.fonts/WinFonts/simsun.tt
c></home/steven/.fonts/WinFonts/simsun.ttc></home/steven/.fonts/WinFonts/simsun
.ttc></home/steven/.fonts/WinFonts/simsun.ttc></home/steven/.fonts/WinFonts/sim
sun.ttc></home/steven/.fonts/WinFonts/simsun.ttc></home/steven/.fonts/WinFonts/
simsun.ttc></home/steven/.fonts/WinFonts/simsun.ttc></home/steven/.fonts/WinFon
ts/simhei.ttf></home/steven/.fonts/WinFonts/simhei.ttf></home/steven/.fonts/Win
Fonts/simhei.ttf></home/steven/.fonts/WinFonts/simhei.ttf></usr/local/texlive/2
014/texmf-dist/fonts/type1/public/amsfonts/cm/cmmi10.pfb></usr/local/texlive/20
14/texmf-dist/fonts/type1/public/amsfonts/cm/cmr10.pfb></usr/local/texlive/2014
/texmf-dist/fonts/type1/public/amsfonts/cm/cmsy10.pfb></usr/local/texlive/2014/
texmf-dist/fonts/type1/urw/courier/ucrr8a.pfb></usr/local/texlive/2014/texmf-di
st/fonts/type1/urw/symbol/usyr.pfb></usr/local/texlive/2014/texmf-dist/fonts/ty
pe1/urw/symbol/usyr.pfb></usr/local/texlive/2014/texmf-dist/fonts/type1/urw/tim
es/utmb8a.pfb></usr/local/texlive/2014/texmf-dist/fonts/type1/urw/times/utmr8a.
pfb></usr/local/texlive/2014/texmf-dist/fonts/type1/urw/times/utmr8a.pfb></usr/
local/texlive/2014/texmf-dist/fonts/type1/urw/times/utmri8a.pfb>
Output written on template.pdf (5 pages, 505204 bytes).
PDF statistics:
 332 PDF objects out of 1000 (max. 8388607)
 243 compressed objects within 3 object streams
 0 named destinations out of 1000 (max. 500000)
 11 words of extra memory for PDF output out of 10000 (max. 10000000)

